

Started GET "/" for ::1 at 2015-03-25 10:02:00 -0400
  [1m[36mActiveRecord::SchemaMigration Load (0.7ms)[0m  [1mSELECT "schema_migrations".* FROM "schema_migrations"[0m
Processing by HomesController#index as HTML
  Rendered homes/index.html.erb within layouts/application (1.3ms)
  [1m[35mUser Load (1.5ms)[0m  SELECT  "users".* FROM "users" WHERE "users"."id" = $1  ORDER BY "users"."id" ASC LIMIT 1  [["id", 1]]
Completed 200 OK in 9195ms (Views: 9186.1ms | ActiveRecord: 8.2ms)


Started GET "/assets/foundation_and_overrides-054bdc29731ef9f4e937828328af96c1.css?body=1" for ::1 at 2015-03-25 10:02:10 -0400


Started GET "/assets/scaffolds-d1b34cbad8f64b9bd280fa569f192820.css?body=1" for ::1 at 2015-03-25 10:02:10 -0400


Started GET "/assets/application-ca47f91e28eeb2954823fa1d07673c32.css?body=1" for ::1 at 2015-03-25 10:02:10 -0400


Started GET "/assets/jquery-87424c3c19e96d4fb033c10ebe21ec40.js?body=1" for ::1 at 2015-03-25 10:02:10 -0400


Started GET "/assets/jquery_ujs-e27bd20a10d28155845a22d71ef94f2f.js?body=1" for ::1 at 2015-03-25 10:02:10 -0400


Started GET "/assets/foundation/foundation-013a9ecfcbd0d277665f83c66e076e18.js?body=1" for ::1 at 2015-03-25 10:02:10 -0400


Started GET "/assets/foundation/foundation.abide-cecd3b8dfdb9535c145e3160cca57cae.js?body=1" for ::1 at 2015-03-25 10:02:10 -0400


Started GET "/assets/foundation/foundation.accordion-07d483c126d868809345e4abbcfd54a5.js?body=1" for ::1 at 2015-03-25 10:02:10 -0400


Started GET "/assets/foundation/foundation.alert-e54c2d9000574a39e07b2e6ede6ae0f6.js?body=1" for ::1 at 2015-03-25 10:02:10 -0400


Started GET "/assets/foundation/foundation.clearing-b0828edefaad3278cd85c2faf6fd20ef.js?body=1" for ::1 at 2015-03-25 10:02:10 -0400


Started GET "/assets/foundation/foundation.dropdown-c6b22cf8e5474c59dc0bc19e2d290da5.js?body=1" for ::1 at 2015-03-25 10:02:10 -0400


Started GET "/assets/foundation/foundation.interchange-adf4ca4cb9a1f36677701d7d06489ead.js?body=1" for ::1 at 2015-03-25 10:02:10 -0400


Started GET "/assets/foundation/foundation.joyride-7f23c30298ef55f2db505f357bd4a799.js?body=1" for ::1 at 2015-03-25 10:02:10 -0400


Started GET "/assets/foundation/foundation.magellan-8cd3c13f48f6d78fb172bb5200551918.js?body=1" for ::1 at 2015-03-25 10:02:10 -0400


Started GET "/assets/foundation/foundation.offcanvas-0c2112e52f2de840e27058c4912dd869.js?body=1" for ::1 at 2015-03-25 10:02:10 -0400


Started GET "/assets/foundation/foundation.orbit-925ec65dcf6be03dd5c7a1d472845b27.js?body=1" for ::1 at 2015-03-25 10:02:10 -0400


Started GET "/assets/foundation/foundation.reveal-7bd8d9ca180151af16ff7678033f8212.js?body=1" for ::1 at 2015-03-25 10:02:10 -0400


Started GET "/assets/foundation/foundation.slider-66a6fcccc01097ba84b9e9fb84a429ef.js?body=1" for ::1 at 2015-03-25 10:02:10 -0400


Started GET "/assets/foundation/foundation.tab-0d9dd6504af28bc75bdb999fbb120872.js?body=1" for ::1 at 2015-03-25 10:02:10 -0400


Started GET "/assets/foundation/foundation.tooltip-5214a0ecffb0be84dc9247c31455ef50.js?body=1" for ::1 at 2015-03-25 10:02:10 -0400


Started GET "/assets/foundation/foundation.topbar-ba04adaaf787a047a2bc9195842bb938.js?body=1" for ::1 at 2015-03-25 10:02:10 -0400


Started GET "/assets/foundation/foundation.equalizer-b93ba11c4146c58dd7d95ba14769e640.js?body=1" for ::1 at 2015-03-25 10:02:10 -0400


Started GET "/assets/foundation-cf9c2be01a146b330f05b712f6779903.js?body=1" for ::1 at 2015-03-25 10:02:10 -0400


Started GET "/assets/application-7b0fcdfa40208ffc00053de20a565c53.js?body=1" for ::1 at 2015-03-25 10:02:10 -0400


Started GET "/drinks" for ::1 at 2015-03-25 10:02:14 -0400

ActionController::RoutingError (No route matches [GET] "/drinks"):
  actionpack (4.2.0) lib/action_dispatch/middleware/debug_exceptions.rb:21:in `call'
  web-console (2.1.2) lib/web_console/middleware.rb:37:in `call'
  actionpack (4.2.0) lib/action_dispatch/middleware/show_exceptions.rb:30:in `call'
  railties (4.2.0) lib/rails/rack/logger.rb:38:in `call_app'
  railties (4.2.0) lib/rails/rack/logger.rb:20:in `block in call'
  activesupport (4.2.0) lib/active_support/tagged_logging.rb:68:in `block in tagged'
  activesupport (4.2.0) lib/active_support/tagged_logging.rb:26:in `tagged'
  activesupport (4.2.0) lib/active_support/tagged_logging.rb:68:in `tagged'
  railties (4.2.0) lib/rails/rack/logger.rb:20:in `call'
  actionpack (4.2.0) lib/action_dispatch/middleware/request_id.rb:21:in `call'
  rack (1.6.0) lib/rack/methodoverride.rb:22:in `call'
  rack (1.6.0) lib/rack/runtime.rb:18:in `call'
  activesupport (4.2.0) lib/active_support/cache/strategy/local_cache_middleware.rb:28:in `call'
  rack (1.6.0) lib/rack/lock.rb:17:in `call'
  actionpack (4.2.0) lib/action_dispatch/middleware/static.rb:113:in `call'
  rack (1.6.0) lib/rack/sendfile.rb:113:in `call'
  railties (4.2.0) lib/rails/engine.rb:518:in `call'
  railties (4.2.0) lib/rails/application.rb:164:in `call'
  rack (1.6.0) lib/rack/lock.rb:17:in `call'
  rack (1.6.0) lib/rack/content_length.rb:15:in `call'
  rack (1.6.0) lib/rack/handler/webrick.rb:89:in `service'
  /Users/launcher/.rubies/ruby-2.0.0-p576/lib/ruby/2.0.0/webrick/httpserver.rb:138:in `service'
  /Users/launcher/.rubies/ruby-2.0.0-p576/lib/ruby/2.0.0/webrick/httpserver.rb:94:in `run'
  /Users/launcher/.rubies/ruby-2.0.0-p576/lib/ruby/2.0.0/webrick/server.rb:295:in `block in start_thread'


  Rendered /Users/launcher/.gem/ruby/2.0.0/gems/actionpack-4.2.0/lib/action_dispatch/middleware/templates/rescues/_trace.html.erb (1.5ms)
  Rendered /Users/launcher/.gem/ruby/2.0.0/gems/actionpack-4.2.0/lib/action_dispatch/middleware/templates/routes/_route.html.erb (2.0ms)
  Rendered /Users/launcher/.gem/ruby/2.0.0/gems/actionpack-4.2.0/lib/action_dispatch/middleware/templates/routes/_table.html.erb (7.3ms)
  Rendered /Users/launcher/.gem/ruby/2.0.0/gems/actionpack-4.2.0/lib/action_dispatch/middleware/templates/rescues/_request_and_response.html.erb (1.6ms)
  Rendered /Users/launcher/.gem/ruby/2.0.0/gems/actionpack-4.2.0/lib/action_dispatch/middleware/templates/rescues/routing_error.html.erb within rescues/layout (45.9ms)
  Rendered /Users/launcher/.gem/ruby/2.0.0/gems/web-console-2.1.2/lib/web_console/templates/_markup.html.erb (0.4ms)
  Rendered /Users/launcher/.gem/ruby/2.0.0/gems/web-console-2.1.2/lib/web_console/templates/style.css.erb within layouts/inlined_string (0.5ms)
  Rendered /Users/launcher/.gem/ruby/2.0.0/gems/web-console-2.1.2/lib/web_console/templates/_inner_console_markup.html.erb within layouts/inlined_string (0.3ms)
  Rendered /Users/launcher/.gem/ruby/2.0.0/gems/web-console-2.1.2/lib/web_console/templates/_prompt_box_markup.html.erb within layouts/inlined_string (0.6ms)
  Rendered /Users/launcher/.gem/ruby/2.0.0/gems/web-console-2.1.2/lib/web_console/templates/console.js.erb within layouts/javascript (38.3ms)
  Rendered /Users/launcher/.gem/ruby/2.0.0/gems/web-console-2.1.2/lib/web_console/templates/main.js.erb within layouts/javascript (0.6ms)
  Rendered /Users/launcher/.gem/ruby/2.0.0/gems/web-console-2.1.2/lib/web_console/templates/error_page.js.erb within layouts/javascript (0.5ms)
  Rendered /Users/launcher/.gem/ruby/2.0.0/gems/web-console-2.1.2/lib/web_console/templates/index.html.erb (81.5ms)


Started GET "/drinks" for ::1 at 2015-03-25 10:02:15 -0400

ActionController::RoutingError (No route matches [GET] "/drinks"):
  actionpack (4.2.0) lib/action_dispatch/middleware/debug_exceptions.rb:21:in `call'
  web-console (2.1.2) lib/web_console/middleware.rb:37:in `call'
  actionpack (4.2.0) lib/action_dispatch/middleware/show_exceptions.rb:30:in `call'
  railties (4.2.0) lib/rails/rack/logger.rb:38:in `call_app'
  railties (4.2.0) lib/rails/rack/logger.rb:20:in `block in call'
  activesupport (4.2.0) lib/active_support/tagged_logging.rb:68:in `block in tagged'
  activesupport (4.2.0) lib/active_support/tagged_logging.rb:26:in `tagged'
  activesupport (4.2.0) lib/active_support/tagged_logging.rb:68:in `tagged'
  railties (4.2.0) lib/rails/rack/logger.rb:20:in `call'
  actionpack (4.2.0) lib/action_dispatch/middleware/request_id.rb:21:in `call'
  rack (1.6.0) lib/rack/methodoverride.rb:22:in `call'
  rack (1.6.0) lib/rack/runtime.rb:18:in `call'
  activesupport (4.2.0) lib/active_support/cache/strategy/local_cache_middleware.rb:28:in `call'
  rack (1.6.0) lib/rack/lock.rb:17:in `call'
  actionpack (4.2.0) lib/action_dispatch/middleware/static.rb:113:in `call'
  rack (1.6.0) lib/rack/sendfile.rb:113:in `call'
  railties (4.2.0) lib/rails/engine.rb:518:in `call'
  railties (4.2.0) lib/rails/application.rb:164:in `call'
  rack (1.6.0) lib/rack/lock.rb:17:in `call'
  rack (1.6.0) lib/rack/content_length.rb:15:in `call'
  rack (1.6.0) lib/rack/handler/webrick.rb:89:in `service'
  /Users/launcher/.rubies/ruby-2.0.0-p576/lib/ruby/2.0.0/webrick/httpserver.rb:138:in `service'
  /Users/launcher/.rubies/ruby-2.0.0-p576/lib/ruby/2.0.0/webrick/httpserver.rb:94:in `run'
  /Users/launcher/.rubies/ruby-2.0.0-p576/lib/ruby/2.0.0/webrick/server.rb:295:in `block in start_thread'


  Rendered /Users/launcher/.gem/ruby/2.0.0/gems/actionpack-4.2.0/lib/action_dispatch/middleware/templates/rescues/_trace.html.erb (1.4ms)
  Rendered /Users/launcher/.gem/ruby/2.0.0/gems/actionpack-4.2.0/lib/action_dispatch/middleware/templates/routes/_route.html.erb (2.0ms)
  Rendered /Users/launcher/.gem/ruby/2.0.0/gems/actionpack-4.2.0/lib/action_dispatch/middleware/templates/routes/_table.html.erb (1.6ms)
  Rendered /Users/launcher/.gem/ruby/2.0.0/gems/actionpack-4.2.0/lib/action_dispatch/middleware/templates/rescues/_request_and_response.html.erb (2.3ms)
  Rendered /Users/launcher/.gem/ruby/2.0.0/gems/actionpack-4.2.0/lib/action_dispatch/middleware/templates/rescues/routing_error.html.erb within rescues/layout (29.7ms)
  Rendered /Users/launcher/.gem/ruby/2.0.0/gems/web-console-2.1.2/lib/web_console/templates/_markup.html.erb (0.5ms)
  Rendered /Users/launcher/.gem/ruby/2.0.0/gems/web-console-2.1.2/lib/web_console/templates/style.css.erb within layouts/inlined_string (0.4ms)
  Rendered /Users/launcher/.gem/ruby/2.0.0/gems/web-console-2.1.2/lib/web_console/templates/_inner_console_markup.html.erb within layouts/inlined_string (0.4ms)
  Rendered /Users/launcher/.gem/ruby/2.0.0/gems/web-console-2.1.2/lib/web_console/templates/_prompt_box_markup.html.erb within layouts/inlined_string (0.6ms)
  Rendered /Users/launcher/.gem/ruby/2.0.0/gems/web-console-2.1.2/lib/web_console/templates/console.js.erb within layouts/javascript (20.1ms)
  Rendered /Users/launcher/.gem/ruby/2.0.0/gems/web-console-2.1.2/lib/web_console/templates/main.js.erb within layouts/javascript (0.4ms)
  Rendered /Users/launcher/.gem/ruby/2.0.0/gems/web-console-2.1.2/lib/web_console/templates/error_page.js.erb within layouts/javascript (0.6ms)
  Rendered /Users/launcher/.gem/ruby/2.0.0/gems/web-console-2.1.2/lib/web_console/templates/index.html.erb (104.0ms)


Started GET "/" for ::1 at 2015-03-25 10:22:19 -0400
  [1m[36mActiveRecord::SchemaMigration Load (0.7ms)[0m  [1mSELECT "schema_migrations".* FROM "schema_migrations"[0m
Processing by HomesController#index as HTML
  Rendered homes/index.html.erb within layouts/application (1.4ms)
  [1m[35mUser Load (0.8ms)[0m  SELECT  "users".* FROM "users" WHERE "users"."id" = $1  ORDER BY "users"."id" ASC LIMIT 1  [["id", 1]]
Completed 200 OK in 457ms (Views: 450.3ms | ActiveRecord: 5.7ms)


Started GET "/assets/scaffolds-d1b34cbad8f64b9bd280fa569f192820.css?body=1" for ::1 at 2015-03-25 10:22:19 -0400


Started GET "/assets/application-ca47f91e28eeb2954823fa1d07673c32.css?body=1" for ::1 at 2015-03-25 10:22:19 -0400


Started GET "/assets/jquery-87424c3c19e96d4fb033c10ebe21ec40.js?body=1" for ::1 at 2015-03-25 10:22:19 -0400


Started GET "/assets/jquery_ujs-e27bd20a10d28155845a22d71ef94f2f.js?body=1" for ::1 at 2015-03-25 10:22:19 -0400


Started GET "/assets/foundation_and_overrides-054bdc29731ef9f4e937828328af96c1.css?body=1" for ::1 at 2015-03-25 10:22:19 -0400


Started GET "/assets/foundation/foundation-013a9ecfcbd0d277665f83c66e076e18.js?body=1" for ::1 at 2015-03-25 10:22:19 -0400


Started GET "/assets/foundation/foundation.abide-cecd3b8dfdb9535c145e3160cca57cae.js?body=1" for ::1 at 2015-03-25 10:22:19 -0400


Started GET "/assets/foundation/foundation.interchange-adf4ca4cb9a1f36677701d7d06489ead.js?body=1" for ::1 at 2015-03-25 10:22:19 -0400


Started GET "/assets/foundation/foundation.alert-e54c2d9000574a39e07b2e6ede6ae0f6.js?body=1" for ::1 at 2015-03-25 10:22:19 -0400


Started GET "/assets/foundation/foundation.clearing-b0828edefaad3278cd85c2faf6fd20ef.js?body=1" for ::1 at 2015-03-25 10:22:19 -0400


Started GET "/assets/foundation/foundation.dropdown-c6b22cf8e5474c59dc0bc19e2d290da5.js?body=1" for ::1 at 2015-03-25 10:22:19 -0400


Started GET "/assets/foundation/foundation.accordion-07d483c126d868809345e4abbcfd54a5.js?body=1" for ::1 at 2015-03-25 10:22:19 -0400


Started GET "/assets/foundation/foundation.joyride-7f23c30298ef55f2db505f357bd4a799.js?body=1" for ::1 at 2015-03-25 10:22:19 -0400


Started GET "/assets/foundation/foundation.magellan-8cd3c13f48f6d78fb172bb5200551918.js?body=1" for ::1 at 2015-03-25 10:22:19 -0400


Started GET "/assets/foundation/foundation.offcanvas-0c2112e52f2de840e27058c4912dd869.js?body=1" for ::1 at 2015-03-25 10:22:19 -0400


Started GET "/assets/foundation/foundation.orbit-925ec65dcf6be03dd5c7a1d472845b27.js?body=1" for ::1 at 2015-03-25 10:22:19 -0400


Started GET "/assets/foundation/foundation.reveal-7bd8d9ca180151af16ff7678033f8212.js?body=1" for ::1 at 2015-03-25 10:22:19 -0400


Started GET "/assets/foundation/foundation.slider-66a6fcccc01097ba84b9e9fb84a429ef.js?body=1" for ::1 at 2015-03-25 10:22:19 -0400


Started GET "/assets/foundation/foundation.tab-0d9dd6504af28bc75bdb999fbb120872.js?body=1" for ::1 at 2015-03-25 10:22:19 -0400


Started GET "/assets/foundation/foundation.tooltip-5214a0ecffb0be84dc9247c31455ef50.js?body=1" for ::1 at 2015-03-25 10:22:19 -0400


Started GET "/assets/foundation/foundation.topbar-ba04adaaf787a047a2bc9195842bb938.js?body=1" for ::1 at 2015-03-25 10:22:19 -0400


Started GET "/assets/foundation/foundation.equalizer-b93ba11c4146c58dd7d95ba14769e640.js?body=1" for ::1 at 2015-03-25 10:22:19 -0400


Started GET "/assets/foundation-cf9c2be01a146b330f05b712f6779903.js?body=1" for ::1 at 2015-03-25 10:22:19 -0400


Started GET "/assets/application-7b0fcdfa40208ffc00053de20a565c53.js?body=1" for ::1 at 2015-03-25 10:22:20 -0400


Started GET "/drinks" for ::1 at 2015-03-25 10:22:22 -0400
Processing by DrinksController#index as HTML
  Rendered drinks/index.html.erb within layouts/application (7.0ms)
Completed 500 Internal Server Error in 16ms

ActionView::Template::Error (undefined method `empty?' for nil:NilClass):
    2:   <div class="large-12">
    3:     <h1>Drinks</h1>
    4: 
    5:     <%- if !@drinks.empty? -%>
    6:       <table>
    7:         <tr>
    8:           <th>Title</th>
  app/views/drinks/index.html.erb:5:in `_app_views_drinks_index_html_erb__150264948334198895_70145895275480'


  Rendered /Users/launcher/.gem/ruby/2.0.0/gems/actionpack-4.2.0/lib/action_dispatch/middleware/templates/rescues/_source.erb (8.5ms)
  Rendered /Users/launcher/.gem/ruby/2.0.0/gems/actionpack-4.2.0/lib/action_dispatch/middleware/templates/rescues/_trace.html.erb (3.5ms)
  Rendered /Users/launcher/.gem/ruby/2.0.0/gems/actionpack-4.2.0/lib/action_dispatch/middleware/templates/rescues/_request_and_response.html.erb (1.5ms)
  Rendered /Users/launcher/.gem/ruby/2.0.0/gems/actionpack-4.2.0/lib/action_dispatch/middleware/templates/rescues/template_error.html.erb within rescues/layout (31.2ms)
  Rendered /Users/launcher/.gem/ruby/2.0.0/gems/web-console-2.1.2/lib/web_console/templates/_markup.html.erb (0.4ms)
  Rendered /Users/launcher/.gem/ruby/2.0.0/gems/web-console-2.1.2/lib/web_console/templates/style.css.erb within layouts/inlined_string (0.6ms)
  Rendered /Users/launcher/.gem/ruby/2.0.0/gems/web-console-2.1.2/lib/web_console/templates/_inner_console_markup.html.erb within layouts/inlined_string (0.4ms)
  Rendered /Users/launcher/.gem/ruby/2.0.0/gems/web-console-2.1.2/lib/web_console/templates/_prompt_box_markup.html.erb within layouts/inlined_string (0.4ms)
  Rendered /Users/launcher/.gem/ruby/2.0.0/gems/web-console-2.1.2/lib/web_console/templates/console.js.erb within layouts/javascript (24.7ms)
  Rendered /Users/launcher/.gem/ruby/2.0.0/gems/web-console-2.1.2/lib/web_console/templates/main.js.erb within layouts/javascript (0.4ms)
  Rendered /Users/launcher/.gem/ruby/2.0.0/gems/web-console-2.1.2/lib/web_console/templates/error_page.js.erb within layouts/javascript (0.5ms)
  Rendered /Users/launcher/.gem/ruby/2.0.0/gems/web-console-2.1.2/lib/web_console/templates/index.html.erb (51.8ms)


Started GET "/drinks" for ::1 at 2015-03-25 10:22:22 -0400
Processing by DrinksController#index as HTML
  Rendered drinks/index.html.erb within layouts/application (1.5ms)
Completed 500 Internal Server Error in 5ms

ActionView::Template::Error (undefined method `empty?' for nil:NilClass):
    2:   <div class="large-12">
    3:     <h1>Drinks</h1>
    4: 
    5:     <%- if !@drinks.empty? -%>
    6:       <table>
    7:         <tr>
    8:           <th>Title</th>
  app/views/drinks/index.html.erb:5:in `_app_views_drinks_index_html_erb__150264948334198895_70145895275480'


  Rendered /Users/launcher/.gem/ruby/2.0.0/gems/actionpack-4.2.0/lib/action_dispatch/middleware/templates/rescues/_source.erb (63.3ms)
  Rendered /Users/launcher/.gem/ruby/2.0.0/gems/actionpack-4.2.0/lib/action_dispatch/middleware/templates/rescues/_trace.html.erb (3.3ms)
  Rendered /Users/launcher/.gem/ruby/2.0.0/gems/actionpack-4.2.0/lib/action_dispatch/middleware/templates/rescues/_request_and_response.html.erb (1.6ms)
  Rendered /Users/launcher/.gem/ruby/2.0.0/gems/actionpack-4.2.0/lib/action_dispatch/middleware/templates/rescues/template_error.html.erb within rescues/layout (81.7ms)
  Rendered /Users/launcher/.gem/ruby/2.0.0/gems/web-console-2.1.2/lib/web_console/templates/_markup.html.erb (0.4ms)
  Rendered /Users/launcher/.gem/ruby/2.0.0/gems/web-console-2.1.2/lib/web_console/templates/style.css.erb within layouts/inlined_string (0.8ms)
  Rendered /Users/launcher/.gem/ruby/2.0.0/gems/web-console-2.1.2/lib/web_console/templates/_inner_console_markup.html.erb within layouts/inlined_string (0.4ms)
  Rendered /Users/launcher/.gem/ruby/2.0.0/gems/web-console-2.1.2/lib/web_console/templates/_prompt_box_markup.html.erb within layouts/inlined_string (0.4ms)
  Rendered /Users/launcher/.gem/ruby/2.0.0/gems/web-console-2.1.2/lib/web_console/templates/console.js.erb within layouts/javascript (18.1ms)
  Rendered /Users/launcher/.gem/ruby/2.0.0/gems/web-console-2.1.2/lib/web_console/templates/main.js.erb within layouts/javascript (0.6ms)
  Rendered /Users/launcher/.gem/ruby/2.0.0/gems/web-console-2.1.2/lib/web_console/templates/error_page.js.erb within layouts/javascript (0.5ms)
  Rendered /Users/launcher/.gem/ruby/2.0.0/gems/web-console-2.1.2/lib/web_console/templates/index.html.erb (40.2ms)


Started GET "/drinks" for ::1 at 2015-03-25 10:22:58 -0400
Processing by DrinksController#index as HTML
  [1m[36m (1.0ms)[0m  [1mSELECT COUNT(count_column) FROM (SELECT  1 AS count_column FROM "drinks" LIMIT 25 OFFSET 0) subquery_for_count[0m
  [1m[35mDrink Load (0.4ms)[0m  SELECT  "drinks".* FROM "drinks" LIMIT 25 OFFSET 0
  [1m[36m (0.5ms)[0m  [1mSELECT COUNT(*) FROM "drinks"[0m
  Rendered drinks/index.html.erb within layouts/application (23.2ms)
  [1m[35mUser Load (0.4ms)[0m  SELECT  "users".* FROM "users" WHERE "users"."id" = $1  ORDER BY "users"."id" ASC LIMIT 1  [["id", 1]]
Completed 200 OK in 232ms (Views: 216.3ms | ActiveRecord: 7.5ms)


Started GET "/assets/foundation_and_overrides-054bdc29731ef9f4e937828328af96c1.css?body=1" for ::1 at 2015-03-25 10:22:58 -0400


Started GET "/assets/jquery-87424c3c19e96d4fb033c10ebe21ec40.js?body=1" for ::1 at 2015-03-25 10:22:58 -0400


Started GET "/assets/application-ca47f91e28eeb2954823fa1d07673c32.css?body=1" for ::1 at 2015-03-25 10:22:58 -0400


Started GET "/assets/foundation/foundation.abide-cecd3b8dfdb9535c145e3160cca57cae.js?body=1" for ::1 at 2015-03-25 10:22:58 -0400


Started GET "/assets/foundation/foundation-013a9ecfcbd0d277665f83c66e076e18.js?body=1" for ::1 at 2015-03-25 10:22:58 -0400


Started GET "/assets/jquery_ujs-e27bd20a10d28155845a22d71ef94f2f.js?body=1" for ::1 at 2015-03-25 10:22:58 -0400


Started GET "/assets/scaffolds-d1b34cbad8f64b9bd280fa569f192820.css?body=1" for ::1 at 2015-03-25 10:22:58 -0400


Started GET "/assets/foundation/foundation.accordion-07d483c126d868809345e4abbcfd54a5.js?body=1" for ::1 at 2015-03-25 10:22:58 -0400


Started GET "/assets/foundation/foundation.alert-e54c2d9000574a39e07b2e6ede6ae0f6.js?body=1" for ::1 at 2015-03-25 10:22:58 -0400


Started GET "/assets/foundation/foundation.dropdown-c6b22cf8e5474c59dc0bc19e2d290da5.js?body=1" for ::1 at 2015-03-25 10:22:58 -0400


Started GET "/assets/foundation/foundation.interchange-adf4ca4cb9a1f36677701d7d06489ead.js?body=1" for ::1 at 2015-03-25 10:22:58 -0400


Started GET "/assets/foundation/foundation.joyride-7f23c30298ef55f2db505f357bd4a799.js?body=1" for ::1 at 2015-03-25 10:22:58 -0400


Started GET "/assets/foundation/foundation.clearing-b0828edefaad3278cd85c2faf6fd20ef.js?body=1" for ::1 at 2015-03-25 10:22:58 -0400


Started GET "/assets/foundation/foundation.magellan-8cd3c13f48f6d78fb172bb5200551918.js?body=1" for ::1 at 2015-03-25 10:22:58 -0400


Started GET "/assets/foundation/foundation.offcanvas-0c2112e52f2de840e27058c4912dd869.js?body=1" for ::1 at 2015-03-25 10:22:58 -0400


Started GET "/assets/foundation/foundation.orbit-925ec65dcf6be03dd5c7a1d472845b27.js?body=1" for ::1 at 2015-03-25 10:22:58 -0400


Started GET "/assets/foundation/foundation.reveal-7bd8d9ca180151af16ff7678033f8212.js?body=1" for ::1 at 2015-03-25 10:22:58 -0400


Started GET "/assets/foundation/foundation.slider-66a6fcccc01097ba84b9e9fb84a429ef.js?body=1" for ::1 at 2015-03-25 10:22:58 -0400


Started GET "/assets/foundation/foundation.tab-0d9dd6504af28bc75bdb999fbb120872.js?body=1" for ::1 at 2015-03-25 10:22:58 -0400


Started GET "/assets/foundation/foundation.topbar-ba04adaaf787a047a2bc9195842bb938.js?body=1" for ::1 at 2015-03-25 10:22:58 -0400


Started GET "/assets/foundation/foundation.tooltip-5214a0ecffb0be84dc9247c31455ef50.js?body=1" for ::1 at 2015-03-25 10:22:58 -0400


Started GET "/assets/foundation/foundation.equalizer-b93ba11c4146c58dd7d95ba14769e640.js?body=1" for ::1 at 2015-03-25 10:22:58 -0400


Started GET "/assets/foundation-cf9c2be01a146b330f05b712f6779903.js?body=1" for ::1 at 2015-03-25 10:22:58 -0400


Started GET "/assets/application-7b0fcdfa40208ffc00053de20a565c53.js?body=1" for ::1 at 2015-03-25 10:22:58 -0400


Started DELETE "/drinks/12" for ::1 at 2015-03-25 10:23:02 -0400

ActionController::RoutingError (No route matches [DELETE] "/drinks/12"):
  actionpack (4.2.0) lib/action_dispatch/middleware/debug_exceptions.rb:21:in `call'
  web-console (2.1.2) lib/web_console/middleware.rb:37:in `call'
  actionpack (4.2.0) lib/action_dispatch/middleware/show_exceptions.rb:30:in `call'
  railties (4.2.0) lib/rails/rack/logger.rb:38:in `call_app'
  railties (4.2.0) lib/rails/rack/logger.rb:20:in `block in call'
  activesupport (4.2.0) lib/active_support/tagged_logging.rb:68:in `block in tagged'
  activesupport (4.2.0) lib/active_support/tagged_logging.rb:26:in `tagged'
  activesupport (4.2.0) lib/active_support/tagged_logging.rb:68:in `tagged'
  railties (4.2.0) lib/rails/rack/logger.rb:20:in `call'
  actionpack (4.2.0) lib/action_dispatch/middleware/request_id.rb:21:in `call'
  rack (1.6.0) lib/rack/methodoverride.rb:22:in `call'
  rack (1.6.0) lib/rack/runtime.rb:18:in `call'
  activesupport (4.2.0) lib/active_support/cache/strategy/local_cache_middleware.rb:28:in `call'
  rack (1.6.0) lib/rack/lock.rb:17:in `call'
  actionpack (4.2.0) lib/action_dispatch/middleware/static.rb:113:in `call'
  rack (1.6.0) lib/rack/sendfile.rb:113:in `call'
  railties (4.2.0) lib/rails/engine.rb:518:in `call'
  railties (4.2.0) lib/rails/application.rb:164:in `call'
  rack (1.6.0) lib/rack/lock.rb:17:in `call'
  rack (1.6.0) lib/rack/content_length.rb:15:in `call'
  rack (1.6.0) lib/rack/handler/webrick.rb:89:in `service'
  /Users/launcher/.rubies/ruby-2.0.0-p576/lib/ruby/2.0.0/webrick/httpserver.rb:138:in `service'
  /Users/launcher/.rubies/ruby-2.0.0-p576/lib/ruby/2.0.0/webrick/httpserver.rb:94:in `run'
  /Users/launcher/.rubies/ruby-2.0.0-p576/lib/ruby/2.0.0/webrick/server.rb:295:in `block in start_thread'


  Rendered /Users/launcher/.gem/ruby/2.0.0/gems/actionpack-4.2.0/lib/action_dispatch/middleware/templates/rescues/_trace.html.erb (1.4ms)
  Rendered /Users/launcher/.gem/ruby/2.0.0/gems/actionpack-4.2.0/lib/action_dispatch/middleware/templates/routes/_route.html.erb (1.7ms)
  Rendered /Users/launcher/.gem/ruby/2.0.0/gems/actionpack-4.2.0/lib/action_dispatch/middleware/templates/routes/_table.html.erb (9.9ms)
  Rendered /Users/launcher/.gem/ruby/2.0.0/gems/actionpack-4.2.0/lib/action_dispatch/middleware/templates/rescues/_request_and_response.html.erb (1.7ms)
  Rendered /Users/launcher/.gem/ruby/2.0.0/gems/actionpack-4.2.0/lib/action_dispatch/middleware/templates/rescues/routing_error.html.erb within rescues/layout (42.2ms)
  Rendered /Users/launcher/.gem/ruby/2.0.0/gems/web-console-2.1.2/lib/web_console/templates/_markup.html.erb (0.3ms)
  Rendered /Users/launcher/.gem/ruby/2.0.0/gems/web-console-2.1.2/lib/web_console/templates/style.css.erb within layouts/inlined_string (0.4ms)
  Rendered /Users/launcher/.gem/ruby/2.0.0/gems/web-console-2.1.2/lib/web_console/templates/_inner_console_markup.html.erb within layouts/inlined_string (0.4ms)
  Rendered /Users/launcher/.gem/ruby/2.0.0/gems/web-console-2.1.2/lib/web_console/templates/_prompt_box_markup.html.erb within layouts/inlined_string (0.3ms)
  Rendered /Users/launcher/.gem/ruby/2.0.0/gems/web-console-2.1.2/lib/web_console/templates/console.js.erb within layouts/javascript (17.8ms)
  Rendered /Users/launcher/.gem/ruby/2.0.0/gems/web-console-2.1.2/lib/web_console/templates/main.js.erb within layouts/javascript (0.5ms)
  Rendered /Users/launcher/.gem/ruby/2.0.0/gems/web-console-2.1.2/lib/web_console/templates/error_page.js.erb within layouts/javascript (0.4ms)
  Rendered /Users/launcher/.gem/ruby/2.0.0/gems/web-console-2.1.2/lib/web_console/templates/index.html.erb (37.4ms)


Started GET "/" for ::1 at 2015-03-26 10:26:10 -0400
  [1m[36mActiveRecord::SchemaMigration Load (0.9ms)[0m  [1mSELECT "schema_migrations".* FROM "schema_migrations"[0m
Processing by HomesController#index as HTML
  Rendered homes/index.html.erb within layouts/application (1.3ms)
  [1m[35mUser Load (1.5ms)[0m  SELECT  "users".* FROM "users" WHERE "users"."id" = $1  ORDER BY "users"."id" ASC LIMIT 1  [["id", 1]]
Completed 200 OK in 523ms (Views: 515.1ms | ActiveRecord: 7.4ms)


Started GET "/assets/scaffolds-d1b34cbad8f64b9bd280fa569f192820.css?body=1" for ::1 at 2015-03-26 10:26:11 -0400


Started GET "/assets/application-ca47f91e28eeb2954823fa1d07673c32.css?body=1" for ::1 at 2015-03-26 10:26:11 -0400


Started GET "/assets/foundation_and_overrides-054bdc29731ef9f4e937828328af96c1.css?body=1" for ::1 at 2015-03-26 10:26:11 -0400


Started GET "/assets/jquery-87424c3c19e96d4fb033c10ebe21ec40.js?body=1" for ::1 at 2015-03-26 10:26:11 -0400


Started GET "/assets/foundation/foundation.abide-cecd3b8dfdb9535c145e3160cca57cae.js?body=1" for ::1 at 2015-03-26 10:26:11 -0400


Started GET "/assets/foundation/foundation-013a9ecfcbd0d277665f83c66e076e18.js?body=1" for ::1 at 2015-03-26 10:26:11 -0400


Started GET "/assets/jquery_ujs-e27bd20a10d28155845a22d71ef94f2f.js?body=1" for ::1 at 2015-03-26 10:26:11 -0400


Started GET "/assets/foundation/foundation.accordion-07d483c126d868809345e4abbcfd54a5.js?body=1" for ::1 at 2015-03-26 10:26:11 -0400


Started GET "/assets/foundation/foundation.alert-e54c2d9000574a39e07b2e6ede6ae0f6.js?body=1" for ::1 at 2015-03-26 10:26:11 -0400


Started GET "/assets/foundation/foundation.clearing-b0828edefaad3278cd85c2faf6fd20ef.js?body=1" for ::1 at 2015-03-26 10:26:11 -0400


Started GET "/assets/foundation/foundation.dropdown-c6b22cf8e5474c59dc0bc19e2d290da5.js?body=1" for ::1 at 2015-03-26 10:26:11 -0400


Started GET "/assets/foundation/foundation.interchange-adf4ca4cb9a1f36677701d7d06489ead.js?body=1" for ::1 at 2015-03-26 10:26:11 -0400


Started GET "/assets/foundation/foundation.joyride-7f23c30298ef55f2db505f357bd4a799.js?body=1" for ::1 at 2015-03-26 10:26:11 -0400


Started GET "/assets/foundation/foundation.magellan-8cd3c13f48f6d78fb172bb5200551918.js?body=1" for ::1 at 2015-03-26 10:26:11 -0400


Started GET "/assets/foundation/foundation.offcanvas-0c2112e52f2de840e27058c4912dd869.js?body=1" for ::1 at 2015-03-26 10:26:11 -0400


Started GET "/assets/foundation/foundation.orbit-925ec65dcf6be03dd5c7a1d472845b27.js?body=1" for ::1 at 2015-03-26 10:26:11 -0400


Started GET "/assets/foundation/foundation.slider-66a6fcccc01097ba84b9e9fb84a429ef.js?body=1" for ::1 at 2015-03-26 10:26:11 -0400


Started GET "/assets/foundation/foundation.tab-0d9dd6504af28bc75bdb999fbb120872.js?body=1" for ::1 at 2015-03-26 10:26:11 -0400


Started GET "/assets/foundation/foundation.reveal-7bd8d9ca180151af16ff7678033f8212.js?body=1" for ::1 at 2015-03-26 10:26:11 -0400


Started GET "/assets/foundation/foundation.tooltip-5214a0ecffb0be84dc9247c31455ef50.js?body=1" for ::1 at 2015-03-26 10:26:11 -0400


Started GET "/assets/foundation/foundation.equalizer-b93ba11c4146c58dd7d95ba14769e640.js?body=1" for ::1 at 2015-03-26 10:26:11 -0400


Started GET "/assets/foundation/foundation.topbar-ba04adaaf787a047a2bc9195842bb938.js?body=1" for ::1 at 2015-03-26 10:26:11 -0400


Started GET "/assets/foundation-cf9c2be01a146b330f05b712f6779903.js?body=1" for ::1 at 2015-03-26 10:26:11 -0400


Started GET "/assets/application-7b0fcdfa40208ffc00053de20a565c53.js?body=1" for ::1 at 2015-03-26 10:26:12 -0400


Started GET "/drinks" for ::1 at 2015-03-26 10:26:19 -0400
Processing by DrinksController#index as HTML
  [1m[36mCategory Load (3.2ms)[0m  [1mSELECT  "categories".* FROM "categories" WHERE "categories"."id" = $1 LIMIT 1[0m  [["id", nil]]
Completed 404 Not Found in 17ms

ActiveRecord::RecordNotFound (Couldn't find Category with 'id'=):
  app/controllers/drinks_controller.rb:18:in `index'


  Rendered /Users/launcher/.gem/ruby/2.0.0/gems/actionpack-4.2.0/lib/action_dispatch/middleware/templates/rescues/_source.erb (6.3ms)
  Rendered /Users/launcher/.gem/ruby/2.0.0/gems/actionpack-4.2.0/lib/action_dispatch/middleware/templates/rescues/_trace.html.erb (2.5ms)
  Rendered /Users/launcher/.gem/ruby/2.0.0/gems/actionpack-4.2.0/lib/action_dispatch/middleware/templates/rescues/_request_and_response.html.erb (1.8ms)
  Rendered /Users/launcher/.gem/ruby/2.0.0/gems/actionpack-4.2.0/lib/action_dispatch/middleware/templates/rescues/diagnostics.html.erb within rescues/layout (28.2ms)
  Rendered /Users/launcher/.gem/ruby/2.0.0/gems/web-console-2.1.2/lib/web_console/templates/_markup.html.erb (0.5ms)
  Rendered /Users/launcher/.gem/ruby/2.0.0/gems/web-console-2.1.2/lib/web_console/templates/style.css.erb within layouts/inlined_string (0.4ms)
  Rendered /Users/launcher/.gem/ruby/2.0.0/gems/web-console-2.1.2/lib/web_console/templates/_inner_console_markup.html.erb within layouts/inlined_string (0.4ms)
  Rendered /Users/launcher/.gem/ruby/2.0.0/gems/web-console-2.1.2/lib/web_console/templates/_prompt_box_markup.html.erb within layouts/inlined_string (0.4ms)
  Rendered /Users/launcher/.gem/ruby/2.0.0/gems/web-console-2.1.2/lib/web_console/templates/console.js.erb within layouts/javascript (21.2ms)
  Rendered /Users/launcher/.gem/ruby/2.0.0/gems/web-console-2.1.2/lib/web_console/templates/main.js.erb within layouts/javascript (0.4ms)
  Rendered /Users/launcher/.gem/ruby/2.0.0/gems/web-console-2.1.2/lib/web_console/templates/error_page.js.erb within layouts/javascript (0.5ms)
  Rendered /Users/launcher/.gem/ruby/2.0.0/gems/web-console-2.1.2/lib/web_console/templates/index.html.erb (47.8ms)


Started GET "/drinks" for ::1 at 2015-03-26 10:26:19 -0400
Processing by DrinksController#index as HTML
  [1m[35mCategory Load (0.3ms)[0m  SELECT  "categories".* FROM "categories" WHERE "categories"."id" = $1 LIMIT 1  [["id", nil]]
Completed 404 Not Found in 1ms

ActiveRecord::RecordNotFound (Couldn't find Category with 'id'=):
  app/controllers/drinks_controller.rb:18:in `index'


  Rendered /Users/launcher/.gem/ruby/2.0.0/gems/actionpack-4.2.0/lib/action_dispatch/middleware/templates/rescues/_source.erb (10.2ms)
  Rendered /Users/launcher/.gem/ruby/2.0.0/gems/actionpack-4.2.0/lib/action_dispatch/middleware/templates/rescues/_trace.html.erb (2.7ms)
  Rendered /Users/launcher/.gem/ruby/2.0.0/gems/actionpack-4.2.0/lib/action_dispatch/middleware/templates/rescues/_request_and_response.html.erb (1.6ms)
  Rendered /Users/launcher/.gem/ruby/2.0.0/gems/actionpack-4.2.0/lib/action_dispatch/middleware/templates/rescues/diagnostics.html.erb within rescues/layout (27.3ms)
  Rendered /Users/launcher/.gem/ruby/2.0.0/gems/web-console-2.1.2/lib/web_console/templates/_markup.html.erb (0.5ms)
  Rendered /Users/launcher/.gem/ruby/2.0.0/gems/web-console-2.1.2/lib/web_console/templates/style.css.erb within layouts/inlined_string (0.4ms)
  Rendered /Users/launcher/.gem/ruby/2.0.0/gems/web-console-2.1.2/lib/web_console/templates/_inner_console_markup.html.erb within layouts/inlined_string (0.5ms)
  Rendered /Users/launcher/.gem/ruby/2.0.0/gems/web-console-2.1.2/lib/web_console/templates/_prompt_box_markup.html.erb within layouts/inlined_string (0.4ms)
  Rendered /Users/launcher/.gem/ruby/2.0.0/gems/web-console-2.1.2/lib/web_console/templates/console.js.erb within layouts/javascript (16.8ms)
  Rendered /Users/launcher/.gem/ruby/2.0.0/gems/web-console-2.1.2/lib/web_console/templates/main.js.erb within layouts/javascript (0.5ms)
  Rendered /Users/launcher/.gem/ruby/2.0.0/gems/web-console-2.1.2/lib/web_console/templates/error_page.js.erb within layouts/javascript (0.5ms)
  Rendered /Users/launcher/.gem/ruby/2.0.0/gems/web-console-2.1.2/lib/web_console/templates/index.html.erb (35.7ms)


Started GET "/drinks/new" for ::1 at 2015-03-26 10:26:36 -0400
Processing by DrinksController#new as HTML
  [1m[36mCategory Load (0.5ms)[0m  [1mSELECT "categories".* FROM "categories"[0m
  Rendered drinks/new.html.erb within layouts/application (90.1ms)
  [1m[35mUser Load (0.5ms)[0m  SELECT  "users".* FROM "users" WHERE "users"."id" = $1  ORDER BY "users"."id" ASC LIMIT 1  [["id", 1]]
Completed 200 OK in 236ms (Views: 220.9ms | ActiveRecord: 3.1ms)


Started GET "/assets/application-ca47f91e28eeb2954823fa1d07673c32.css?body=1" for ::1 at 2015-03-26 10:26:37 -0400


Started GET "/assets/foundation_and_overrides-054bdc29731ef9f4e937828328af96c1.css?body=1" for ::1 at 2015-03-26 10:26:37 -0400


Started GET "/assets/jquery_ujs-e27bd20a10d28155845a22d71ef94f2f.js?body=1" for ::1 at 2015-03-26 10:26:37 -0400


Started GET "/assets/jquery-87424c3c19e96d4fb033c10ebe21ec40.js?body=1" for ::1 at 2015-03-26 10:26:37 -0400


Started GET "/assets/foundation/foundation-013a9ecfcbd0d277665f83c66e076e18.js?body=1" for ::1 at 2015-03-26 10:26:37 -0400


Started GET "/assets/scaffolds-d1b34cbad8f64b9bd280fa569f192820.css?body=1" for ::1 at 2015-03-26 10:26:37 -0400


Started GET "/assets/foundation/foundation.abide-cecd3b8dfdb9535c145e3160cca57cae.js?body=1" for ::1 at 2015-03-26 10:26:37 -0400


Started GET "/assets/foundation/foundation.accordion-07d483c126d868809345e4abbcfd54a5.js?body=1" for ::1 at 2015-03-26 10:26:37 -0400


Started GET "/assets/foundation/foundation.alert-e54c2d9000574a39e07b2e6ede6ae0f6.js?body=1" for ::1 at 2015-03-26 10:26:37 -0400


Started GET "/assets/foundation/foundation.clearing-b0828edefaad3278cd85c2faf6fd20ef.js?body=1" for ::1 at 2015-03-26 10:26:37 -0400


Started GET "/assets/foundation/foundation.dropdown-c6b22cf8e5474c59dc0bc19e2d290da5.js?body=1" for ::1 at 2015-03-26 10:26:37 -0400


Started GET "/assets/foundation/foundation.interchange-adf4ca4cb9a1f36677701d7d06489ead.js?body=1" for ::1 at 2015-03-26 10:26:37 -0400


Started GET "/assets/foundation/foundation.joyride-7f23c30298ef55f2db505f357bd4a799.js?body=1" for ::1 at 2015-03-26 10:26:37 -0400


Started GET "/assets/foundation/foundation.magellan-8cd3c13f48f6d78fb172bb5200551918.js?body=1" for ::1 at 2015-03-26 10:26:37 -0400


Started GET "/assets/foundation/foundation.offcanvas-0c2112e52f2de840e27058c4912dd869.js?body=1" for ::1 at 2015-03-26 10:26:37 -0400


Started GET "/assets/foundation/foundation.orbit-925ec65dcf6be03dd5c7a1d472845b27.js?body=1" for ::1 at 2015-03-26 10:26:37 -0400


Started GET "/assets/foundation/foundation.reveal-7bd8d9ca180151af16ff7678033f8212.js?body=1" for ::1 at 2015-03-26 10:26:37 -0400


Started GET "/assets/foundation/foundation.slider-66a6fcccc01097ba84b9e9fb84a429ef.js?body=1" for ::1 at 2015-03-26 10:26:37 -0400


Started GET "/assets/foundation/foundation.tab-0d9dd6504af28bc75bdb999fbb120872.js?body=1" for ::1 at 2015-03-26 10:26:37 -0400


Started GET "/assets/foundation/foundation.tooltip-5214a0ecffb0be84dc9247c31455ef50.js?body=1" for ::1 at 2015-03-26 10:26:37 -0400


Started GET "/assets/foundation/foundation.topbar-ba04adaaf787a047a2bc9195842bb938.js?body=1" for ::1 at 2015-03-26 10:26:37 -0400


Started GET "/assets/foundation/foundation.equalizer-b93ba11c4146c58dd7d95ba14769e640.js?body=1" for ::1 at 2015-03-26 10:26:37 -0400


Started GET "/assets/application-7b0fcdfa40208ffc00053de20a565c53.js?body=1" for ::1 at 2015-03-26 10:26:37 -0400


Started GET "/assets/foundation-cf9c2be01a146b330f05b712f6779903.js?body=1" for ::1 at 2015-03-26 10:26:37 -0400


Started GET "/drinks" for ::1 at 2015-03-26 10:27:20 -0400
Processing by DrinksController#index as HTML
  [1m[36mCategory Load (0.3ms)[0m  [1mSELECT  "categories".* FROM "categories" WHERE "categories"."id" = $1 LIMIT 1[0m  [["id", nil]]
Completed 404 Not Found in 8ms

ActiveRecord::RecordNotFound (Couldn't find Category with 'id'=):
  app/controllers/drinks_controller.rb:18:in `index'


  Rendered /Users/launcher/.gem/ruby/2.0.0/gems/actionpack-4.2.0/lib/action_dispatch/middleware/templates/rescues/_source.erb (6.3ms)
  Rendered /Users/launcher/.gem/ruby/2.0.0/gems/actionpack-4.2.0/lib/action_dispatch/middleware/templates/rescues/_trace.html.erb (2.3ms)
  Rendered /Users/launcher/.gem/ruby/2.0.0/gems/actionpack-4.2.0/lib/action_dispatch/middleware/templates/rescues/_request_and_response.html.erb (2.1ms)
  Rendered /Users/launcher/.gem/ruby/2.0.0/gems/actionpack-4.2.0/lib/action_dispatch/middleware/templates/rescues/diagnostics.html.erb within rescues/layout (25.5ms)
  Rendered /Users/launcher/.gem/ruby/2.0.0/gems/web-console-2.1.2/lib/web_console/templates/_markup.html.erb (0.5ms)
  Rendered /Users/launcher/.gem/ruby/2.0.0/gems/web-console-2.1.2/lib/web_console/templates/style.css.erb within layouts/inlined_string (0.6ms)
  Rendered /Users/launcher/.gem/ruby/2.0.0/gems/web-console-2.1.2/lib/web_console/templates/_inner_console_markup.html.erb within layouts/inlined_string (0.3ms)
  Rendered /Users/launcher/.gem/ruby/2.0.0/gems/web-console-2.1.2/lib/web_console/templates/_prompt_box_markup.html.erb within layouts/inlined_string (0.3ms)
  Rendered /Users/launcher/.gem/ruby/2.0.0/gems/web-console-2.1.2/lib/web_console/templates/console.js.erb within layouts/javascript (19.5ms)
  Rendered /Users/launcher/.gem/ruby/2.0.0/gems/web-console-2.1.2/lib/web_console/templates/main.js.erb within layouts/javascript (0.3ms)
  Rendered /Users/launcher/.gem/ruby/2.0.0/gems/web-console-2.1.2/lib/web_console/templates/error_page.js.erb within layouts/javascript (0.5ms)
  Rendered /Users/launcher/.gem/ruby/2.0.0/gems/web-console-2.1.2/lib/web_console/templates/index.html.erb (37.6ms)


Started GET "/drinks/new" for ::1 at 2015-03-26 10:27:24 -0400
Processing by DrinksController#new as HTML
  [1m[35mCategory Load (0.8ms)[0m  SELECT "categories".* FROM "categories"
  Rendered drinks/new.html.erb within layouts/application (14.9ms)
  [1m[36mUser Load (0.5ms)[0m  [1mSELECT  "users".* FROM "users" WHERE "users"."id" = $1  ORDER BY "users"."id" ASC LIMIT 1[0m  [["id", 1]]
Completed 200 OK in 223ms (Views: 202.4ms | ActiveRecord: 9.2ms)


Started GET "/assets/scaffolds-d1b34cbad8f64b9bd280fa569f192820.css?body=1" for ::1 at 2015-03-26 10:27:24 -0400


Started GET "/assets/foundation_and_overrides-054bdc29731ef9f4e937828328af96c1.css?body=1" for ::1 at 2015-03-26 10:27:24 -0400


Started GET "/assets/application-ca47f91e28eeb2954823fa1d07673c32.css?body=1" for ::1 at 2015-03-26 10:27:24 -0400


Started GET "/assets/jquery-87424c3c19e96d4fb033c10ebe21ec40.js?body=1" for ::1 at 2015-03-26 10:27:24 -0400


Started GET "/assets/foundation/foundation-013a9ecfcbd0d277665f83c66e076e18.js?body=1" for ::1 at 2015-03-26 10:27:24 -0400


Started GET "/assets/jquery_ujs-e27bd20a10d28155845a22d71ef94f2f.js?body=1" for ::1 at 2015-03-26 10:27:24 -0400


Started GET "/assets/foundation/foundation.abide-cecd3b8dfdb9535c145e3160cca57cae.js?body=1" for ::1 at 2015-03-26 10:27:24 -0400


Started GET "/assets/foundation/foundation.accordion-07d483c126d868809345e4abbcfd54a5.js?body=1" for ::1 at 2015-03-26 10:27:24 -0400


Started GET "/assets/foundation/foundation.alert-e54c2d9000574a39e07b2e6ede6ae0f6.js?body=1" for ::1 at 2015-03-26 10:27:24 -0400


Started GET "/assets/foundation/foundation.clearing-b0828edefaad3278cd85c2faf6fd20ef.js?body=1" for ::1 at 2015-03-26 10:27:24 -0400


Started GET "/assets/foundation/foundation.dropdown-c6b22cf8e5474c59dc0bc19e2d290da5.js?body=1" for ::1 at 2015-03-26 10:27:24 -0400


Started GET "/assets/foundation/foundation.interchange-adf4ca4cb9a1f36677701d7d06489ead.js?body=1" for ::1 at 2015-03-26 10:27:24 -0400


Started GET "/assets/foundation/foundation.joyride-7f23c30298ef55f2db505f357bd4a799.js?body=1" for ::1 at 2015-03-26 10:27:24 -0400


Started GET "/assets/foundation/foundation.magellan-8cd3c13f48f6d78fb172bb5200551918.js?body=1" for ::1 at 2015-03-26 10:27:24 -0400


Started GET "/assets/foundation/foundation.offcanvas-0c2112e52f2de840e27058c4912dd869.js?body=1" for ::1 at 2015-03-26 10:27:24 -0400


Started GET "/assets/foundation/foundation.orbit-925ec65dcf6be03dd5c7a1d472845b27.js?body=1" for ::1 at 2015-03-26 10:27:24 -0400


Started GET "/assets/foundation/foundation.reveal-7bd8d9ca180151af16ff7678033f8212.js?body=1" for ::1 at 2015-03-26 10:27:24 -0400


Started GET "/assets/foundation/foundation.slider-66a6fcccc01097ba84b9e9fb84a429ef.js?body=1" for ::1 at 2015-03-26 10:27:24 -0400


Started GET "/assets/foundation/foundation.tab-0d9dd6504af28bc75bdb999fbb120872.js?body=1" for ::1 at 2015-03-26 10:27:24 -0400


Started GET "/assets/foundation/foundation.tooltip-5214a0ecffb0be84dc9247c31455ef50.js?body=1" for ::1 at 2015-03-26 10:27:24 -0400


Started GET "/assets/foundation/foundation.topbar-ba04adaaf787a047a2bc9195842bb938.js?body=1" for ::1 at 2015-03-26 10:27:24 -0400


Started GET "/assets/foundation/foundation.equalizer-b93ba11c4146c58dd7d95ba14769e640.js?body=1" for ::1 at 2015-03-26 10:27:24 -0400


Started GET "/assets/foundation-cf9c2be01a146b330f05b712f6779903.js?body=1" for ::1 at 2015-03-26 10:27:24 -0400


Started GET "/assets/application-7b0fcdfa40208ffc00053de20a565c53.js?body=1" for ::1 at 2015-03-26 10:27:24 -0400


Started GET "/drinks" for ::1 at 2015-03-26 10:27:27 -0400
Processing by DrinksController#index as HTML
  [1m[35mCategory Load (0.3ms)[0m  SELECT  "categories".* FROM "categories" WHERE "categories"."id" = $1 LIMIT 1  [["id", nil]]
Completed 404 Not Found in 2ms

ActiveRecord::RecordNotFound (Couldn't find Category with 'id'=):
  app/controllers/drinks_controller.rb:18:in `index'


  Rendered /Users/launcher/.gem/ruby/2.0.0/gems/actionpack-4.2.0/lib/action_dispatch/middleware/templates/rescues/_source.erb (6.7ms)
  Rendered /Users/launcher/.gem/ruby/2.0.0/gems/actionpack-4.2.0/lib/action_dispatch/middleware/templates/rescues/_trace.html.erb (2.4ms)
  Rendered /Users/launcher/.gem/ruby/2.0.0/gems/actionpack-4.2.0/lib/action_dispatch/middleware/templates/rescues/_request_and_response.html.erb (1.7ms)
  Rendered /Users/launcher/.gem/ruby/2.0.0/gems/actionpack-4.2.0/lib/action_dispatch/middleware/templates/rescues/diagnostics.html.erb within rescues/layout (25.7ms)
  Rendered /Users/launcher/.gem/ruby/2.0.0/gems/web-console-2.1.2/lib/web_console/templates/_markup.html.erb (0.3ms)
  Rendered /Users/launcher/.gem/ruby/2.0.0/gems/web-console-2.1.2/lib/web_console/templates/style.css.erb within layouts/inlined_string (0.7ms)
  Rendered /Users/launcher/.gem/ruby/2.0.0/gems/web-console-2.1.2/lib/web_console/templates/_inner_console_markup.html.erb within layouts/inlined_string (0.3ms)
  Rendered /Users/launcher/.gem/ruby/2.0.0/gems/web-console-2.1.2/lib/web_console/templates/_prompt_box_markup.html.erb within layouts/inlined_string (0.3ms)
  Rendered /Users/launcher/.gem/ruby/2.0.0/gems/web-console-2.1.2/lib/web_console/templates/console.js.erb within layouts/javascript (15.5ms)
  Rendered /Users/launcher/.gem/ruby/2.0.0/gems/web-console-2.1.2/lib/web_console/templates/main.js.erb within layouts/javascript (0.3ms)
  Rendered /Users/launcher/.gem/ruby/2.0.0/gems/web-console-2.1.2/lib/web_console/templates/error_page.js.erb within layouts/javascript (0.5ms)
  Rendered /Users/launcher/.gem/ruby/2.0.0/gems/web-console-2.1.2/lib/web_console/templates/index.html.erb (34.2ms)


Started GET "/drinks" for ::1 at 2015-03-26 10:27:27 -0400
Processing by DrinksController#index as HTML
  [1m[36mCategory Load (0.4ms)[0m  [1mSELECT  "categories".* FROM "categories" WHERE "categories"."id" = $1 LIMIT 1[0m  [["id", nil]]
Completed 404 Not Found in 2ms

ActiveRecord::RecordNotFound (Couldn't find Category with 'id'=):
  app/controllers/drinks_controller.rb:18:in `index'


  Rendered /Users/launcher/.gem/ruby/2.0.0/gems/actionpack-4.2.0/lib/action_dispatch/middleware/templates/rescues/_source.erb (6.1ms)
  Rendered /Users/launcher/.gem/ruby/2.0.0/gems/actionpack-4.2.0/lib/action_dispatch/middleware/templates/rescues/_trace.html.erb (3.2ms)
  Rendered /Users/launcher/.gem/ruby/2.0.0/gems/actionpack-4.2.0/lib/action_dispatch/middleware/templates/rescues/_request_and_response.html.erb (1.5ms)
  Rendered /Users/launcher/.gem/ruby/2.0.0/gems/actionpack-4.2.0/lib/action_dispatch/middleware/templates/rescues/diagnostics.html.erb within rescues/layout (25.1ms)
  Rendered /Users/launcher/.gem/ruby/2.0.0/gems/web-console-2.1.2/lib/web_console/templates/_markup.html.erb (0.3ms)
  Rendered /Users/launcher/.gem/ruby/2.0.0/gems/web-console-2.1.2/lib/web_console/templates/style.css.erb within layouts/inlined_string (0.3ms)
  Rendered /Users/launcher/.gem/ruby/2.0.0/gems/web-console-2.1.2/lib/web_console/templates/_inner_console_markup.html.erb within layouts/inlined_string (0.3ms)
  Rendered /Users/launcher/.gem/ruby/2.0.0/gems/web-console-2.1.2/lib/web_console/templates/_prompt_box_markup.html.erb within layouts/inlined_string (0.3ms)
  Rendered /Users/launcher/.gem/ruby/2.0.0/gems/web-console-2.1.2/lib/web_console/templates/console.js.erb within layouts/javascript (14.6ms)
  Rendered /Users/launcher/.gem/ruby/2.0.0/gems/web-console-2.1.2/lib/web_console/templates/main.js.erb within layouts/javascript (0.3ms)
  Rendered /Users/launcher/.gem/ruby/2.0.0/gems/web-console-2.1.2/lib/web_console/templates/error_page.js.erb within layouts/javascript (0.5ms)
  Rendered /Users/launcher/.gem/ruby/2.0.0/gems/web-console-2.1.2/lib/web_console/templates/index.html.erb (34.2ms)


Started GET "/drinks" for ::1 at 2015-03-26 10:28:06 -0400
Processing by DrinksController#index as HTML
  [1m[35mCategory Load (0.3ms)[0m  SELECT  "categories".* FROM "categories" WHERE "categories"."id" = $1 LIMIT 1  [["id", nil]]
Completed 404 Not Found in 51990ms

ActiveRecord::RecordNotFound (Couldn't find Category with 'id'=):
  app/controllers/drinks_controller.rb:19:in `index'


  Rendered /Users/launcher/.gem/ruby/2.0.0/gems/actionpack-4.2.0/lib/action_dispatch/middleware/templates/rescues/_source.erb (6.2ms)
  Rendered /Users/launcher/.gem/ruby/2.0.0/gems/actionpack-4.2.0/lib/action_dispatch/middleware/templates/rescues/_trace.html.erb (3.9ms)
  Rendered /Users/launcher/.gem/ruby/2.0.0/gems/actionpack-4.2.0/lib/action_dispatch/middleware/templates/rescues/_request_and_response.html.erb (1.5ms)
  Rendered /Users/launcher/.gem/ruby/2.0.0/gems/actionpack-4.2.0/lib/action_dispatch/middleware/templates/rescues/diagnostics.html.erb within rescues/layout (25.1ms)
  Rendered /Users/launcher/.gem/ruby/2.0.0/gems/web-console-2.1.2/lib/web_console/templates/_markup.html.erb (0.4ms)
  Rendered /Users/launcher/.gem/ruby/2.0.0/gems/web-console-2.1.2/lib/web_console/templates/style.css.erb within layouts/inlined_string (0.3ms)
  Rendered /Users/launcher/.gem/ruby/2.0.0/gems/web-console-2.1.2/lib/web_console/templates/_inner_console_markup.html.erb within layouts/inlined_string (0.6ms)
  Rendered /Users/launcher/.gem/ruby/2.0.0/gems/web-console-2.1.2/lib/web_console/templates/_prompt_box_markup.html.erb within layouts/inlined_string (0.4ms)
  Rendered /Users/launcher/.gem/ruby/2.0.0/gems/web-console-2.1.2/lib/web_console/templates/console.js.erb within layouts/javascript (17.0ms)
  Rendered /Users/launcher/.gem/ruby/2.0.0/gems/web-console-2.1.2/lib/web_console/templates/main.js.erb within layouts/javascript (0.5ms)
  Rendered /Users/launcher/.gem/ruby/2.0.0/gems/web-console-2.1.2/lib/web_console/templates/error_page.js.erb within layouts/javascript (57.2ms)
  Rendered /Users/launcher/.gem/ruby/2.0.0/gems/web-console-2.1.2/lib/web_console/templates/index.html.erb (95.3ms)


Started GET "/drinks" for ::1 at 2015-03-26 10:28:58 -0400
Processing by DrinksController#index as HTML
  [1m[36m (1.0ms)[0m  [1mSELECT COUNT(count_column) FROM (SELECT  1 AS count_column FROM "drinks" LIMIT 25 OFFSET 0) subquery_for_count[0m
  [1m[35mDrink Load (0.4ms)[0m  SELECT  "drinks".* FROM "drinks" LIMIT 25 OFFSET 0
  [1m[36m (0.5ms)[0m  [1mSELECT COUNT(*) FROM "drinks"[0m
  Rendered drinks/index.html.erb within layouts/application (22.3ms)
  [1m[35mUser Load (0.4ms)[0m  SELECT  "users".* FROM "users" WHERE "users"."id" = $1  ORDER BY "users"."id" ASC LIMIT 1  [["id", 1]]
Completed 200 OK in 1614ms (Views: 208.3ms | ActiveRecord: 7.4ms)


Started GET "/assets/foundation_and_overrides-054bdc29731ef9f4e937828328af96c1.css?body=1" for ::1 at 2015-03-26 10:29:00 -0400


Started GET "/assets/scaffolds-d1b34cbad8f64b9bd280fa569f192820.css?body=1" for ::1 at 2015-03-26 10:29:00 -0400


Started GET "/assets/application-ca47f91e28eeb2954823fa1d07673c32.css?body=1" for ::1 at 2015-03-26 10:29:00 -0400


Started GET "/assets/jquery-87424c3c19e96d4fb033c10ebe21ec40.js?body=1" for ::1 at 2015-03-26 10:29:00 -0400


Started GET "/assets/jquery_ujs-e27bd20a10d28155845a22d71ef94f2f.js?body=1" for ::1 at 2015-03-26 10:29:00 -0400


Started GET "/assets/foundation/foundation-013a9ecfcbd0d277665f83c66e076e18.js?body=1" for ::1 at 2015-03-26 10:29:00 -0400


Started GET "/assets/foundation/foundation.abide-cecd3b8dfdb9535c145e3160cca57cae.js?body=1" for ::1 at 2015-03-26 10:29:00 -0400


Started GET "/assets/foundation/foundation.accordion-07d483c126d868809345e4abbcfd54a5.js?body=1" for ::1 at 2015-03-26 10:29:00 -0400


Started GET "/assets/foundation/foundation.alert-e54c2d9000574a39e07b2e6ede6ae0f6.js?body=1" for ::1 at 2015-03-26 10:29:00 -0400


Started GET "/assets/foundation/foundation.clearing-b0828edefaad3278cd85c2faf6fd20ef.js?body=1" for ::1 at 2015-03-26 10:29:00 -0400


Started GET "/assets/foundation/foundation.dropdown-c6b22cf8e5474c59dc0bc19e2d290da5.js?body=1" for ::1 at 2015-03-26 10:29:00 -0400


Started GET "/assets/foundation/foundation.interchange-adf4ca4cb9a1f36677701d7d06489ead.js?body=1" for ::1 at 2015-03-26 10:29:00 -0400


Started GET "/assets/foundation/foundation.joyride-7f23c30298ef55f2db505f357bd4a799.js?body=1" for ::1 at 2015-03-26 10:29:00 -0400


Started GET "/assets/foundation/foundation.magellan-8cd3c13f48f6d78fb172bb5200551918.js?body=1" for ::1 at 2015-03-26 10:29:00 -0400


Started GET "/assets/foundation/foundation.offcanvas-0c2112e52f2de840e27058c4912dd869.js?body=1" for ::1 at 2015-03-26 10:29:00 -0400


Started GET "/assets/foundation/foundation.orbit-925ec65dcf6be03dd5c7a1d472845b27.js?body=1" for ::1 at 2015-03-26 10:29:00 -0400


Started GET "/assets/foundation/foundation.reveal-7bd8d9ca180151af16ff7678033f8212.js?body=1" for ::1 at 2015-03-26 10:29:00 -0400


Started GET "/assets/foundation/foundation.slider-66a6fcccc01097ba84b9e9fb84a429ef.js?body=1" for ::1 at 2015-03-26 10:29:00 -0400


Started GET "/assets/foundation/foundation.tab-0d9dd6504af28bc75bdb999fbb120872.js?body=1" for ::1 at 2015-03-26 10:29:00 -0400


Started GET "/assets/foundation/foundation.tooltip-5214a0ecffb0be84dc9247c31455ef50.js?body=1" for ::1 at 2015-03-26 10:29:00 -0400


Started GET "/assets/foundation/foundation.topbar-ba04adaaf787a047a2bc9195842bb938.js?body=1" for ::1 at 2015-03-26 10:29:00 -0400


Started GET "/assets/foundation/foundation.equalizer-b93ba11c4146c58dd7d95ba14769e640.js?body=1" for ::1 at 2015-03-26 10:29:00 -0400


Started GET "/assets/foundation-cf9c2be01a146b330f05b712f6779903.js?body=1" for ::1 at 2015-03-26 10:29:00 -0400


Started GET "/assets/application-7b0fcdfa40208ffc00053de20a565c53.js?body=1" for ::1 at 2015-03-26 10:29:00 -0400


Started GET "/categories/150/drinks" for ::1 at 2015-03-26 10:36:09 -0400
Processing by DrinksController#index as HTML
  Parameters: {"category_id"=>"150"}
  [1m[36mCategory Load (3.2ms)[0m  [1mSELECT  "categories".* FROM "categories" WHERE "categories"."id" = $1 LIMIT 1[0m  [["id", 150]]
Completed 404 Not Found in 12ms

ActiveRecord::RecordNotFound (Couldn't find Category with 'id'=150):
  app/controllers/drinks_controller.rb:18:in `index'


  Rendered /Users/launcher/.gem/ruby/2.0.0/gems/actionpack-4.2.0/lib/action_dispatch/middleware/templates/rescues/_source.erb (7.1ms)
  Rendered /Users/launcher/.gem/ruby/2.0.0/gems/actionpack-4.2.0/lib/action_dispatch/middleware/templates/rescues/_trace.html.erb (2.4ms)
  Rendered /Users/launcher/.gem/ruby/2.0.0/gems/actionpack-4.2.0/lib/action_dispatch/middleware/templates/rescues/_request_and_response.html.erb (1.6ms)
  Rendered /Users/launcher/.gem/ruby/2.0.0/gems/actionpack-4.2.0/lib/action_dispatch/middleware/templates/rescues/diagnostics.html.erb within rescues/layout (29.2ms)
  Rendered /Users/launcher/.gem/ruby/2.0.0/gems/web-console-2.1.2/lib/web_console/templates/_markup.html.erb (0.4ms)
  Rendered /Users/launcher/.gem/ruby/2.0.0/gems/web-console-2.1.2/lib/web_console/templates/style.css.erb within layouts/inlined_string (0.4ms)
  Rendered /Users/launcher/.gem/ruby/2.0.0/gems/web-console-2.1.2/lib/web_console/templates/_inner_console_markup.html.erb within layouts/inlined_string (0.5ms)
  Rendered /Users/launcher/.gem/ruby/2.0.0/gems/web-console-2.1.2/lib/web_console/templates/_prompt_box_markup.html.erb within layouts/inlined_string (0.3ms)
  Rendered /Users/launcher/.gem/ruby/2.0.0/gems/web-console-2.1.2/lib/web_console/templates/console.js.erb within layouts/javascript (77.6ms)
  Rendered /Users/launcher/.gem/ruby/2.0.0/gems/web-console-2.1.2/lib/web_console/templates/main.js.erb within layouts/javascript (0.4ms)
  Rendered /Users/launcher/.gem/ruby/2.0.0/gems/web-console-2.1.2/lib/web_console/templates/error_page.js.erb within layouts/javascript (0.5ms)
  Rendered /Users/launcher/.gem/ruby/2.0.0/gems/web-console-2.1.2/lib/web_console/templates/index.html.erb (99.8ms)


Started GET "/categories/150/drinks" for ::1 at 2015-03-26 10:43:32 -0400
Processing by DrinksController#index as HTML
  Parameters: {"category_id"=>"150"}
  [1m[35mCategory Load (0.2ms)[0m  SELECT  "categories".* FROM "categories" WHERE "categories"."id" = $1 LIMIT 1  [["id", 150]]
Completed 404 Not Found in 10ms

ActiveRecord::RecordNotFound (Couldn't find Category with 'id'=150):
  app/controllers/drinks_controller.rb:18:in `index'


  Rendered /Users/launcher/.gem/ruby/2.0.0/gems/actionpack-4.2.0/lib/action_dispatch/middleware/templates/rescues/_source.erb (7.4ms)
  Rendered /Users/launcher/.gem/ruby/2.0.0/gems/actionpack-4.2.0/lib/action_dispatch/middleware/templates/rescues/_trace.html.erb (2.7ms)
  Rendered /Users/launcher/.gem/ruby/2.0.0/gems/actionpack-4.2.0/lib/action_dispatch/middleware/templates/rescues/_request_and_response.html.erb (1.4ms)
  Rendered /Users/launcher/.gem/ruby/2.0.0/gems/actionpack-4.2.0/lib/action_dispatch/middleware/templates/rescues/diagnostics.html.erb within rescues/layout (25.4ms)
  Rendered /Users/launcher/.gem/ruby/2.0.0/gems/web-console-2.1.2/lib/web_console/templates/_markup.html.erb (0.4ms)
  Rendered /Users/launcher/.gem/ruby/2.0.0/gems/web-console-2.1.2/lib/web_console/templates/style.css.erb within layouts/inlined_string (0.4ms)
  Rendered /Users/launcher/.gem/ruby/2.0.0/gems/web-console-2.1.2/lib/web_console/templates/_inner_console_markup.html.erb within layouts/inlined_string (0.3ms)
  Rendered /Users/launcher/.gem/ruby/2.0.0/gems/web-console-2.1.2/lib/web_console/templates/_prompt_box_markup.html.erb within layouts/inlined_string (0.5ms)
  Rendered /Users/launcher/.gem/ruby/2.0.0/gems/web-console-2.1.2/lib/web_console/templates/console.js.erb within layouts/javascript (17.3ms)
  Rendered /Users/launcher/.gem/ruby/2.0.0/gems/web-console-2.1.2/lib/web_console/templates/main.js.erb within layouts/javascript (0.6ms)
  Rendered /Users/launcher/.gem/ruby/2.0.0/gems/web-console-2.1.2/lib/web_console/templates/error_page.js.erb within layouts/javascript (0.5ms)
  Rendered /Users/launcher/.gem/ruby/2.0.0/gems/web-console-2.1.2/lib/web_console/templates/index.html.erb (37.2ms)


Started GET "/categories/150/drinks" for ::1 at 2015-03-26 10:43:33 -0400
Processing by DrinksController#index as HTML
  Parameters: {"category_id"=>"150"}
  [1m[36mCategory Load (0.3ms)[0m  [1mSELECT  "categories".* FROM "categories" WHERE "categories"."id" = $1 LIMIT 1[0m  [["id", 150]]
Completed 404 Not Found in 2ms

ActiveRecord::RecordNotFound (Couldn't find Category with 'id'=150):
  app/controllers/drinks_controller.rb:18:in `index'


  Rendered /Users/launcher/.gem/ruby/2.0.0/gems/actionpack-4.2.0/lib/action_dispatch/middleware/templates/rescues/_source.erb (62.6ms)
  Rendered /Users/launcher/.gem/ruby/2.0.0/gems/actionpack-4.2.0/lib/action_dispatch/middleware/templates/rescues/_trace.html.erb (3.2ms)
  Rendered /Users/launcher/.gem/ruby/2.0.0/gems/actionpack-4.2.0/lib/action_dispatch/middleware/templates/rescues/_request_and_response.html.erb (1.3ms)
  Rendered /Users/launcher/.gem/ruby/2.0.0/gems/actionpack-4.2.0/lib/action_dispatch/middleware/templates/rescues/diagnostics.html.erb within rescues/layout (81.9ms)
  Rendered /Users/launcher/.gem/ruby/2.0.0/gems/web-console-2.1.2/lib/web_console/templates/_markup.html.erb (0.6ms)
  Rendered /Users/launcher/.gem/ruby/2.0.0/gems/web-console-2.1.2/lib/web_console/templates/style.css.erb within layouts/inlined_string (0.3ms)
  Rendered /Users/launcher/.gem/ruby/2.0.0/gems/web-console-2.1.2/lib/web_console/templates/_inner_console_markup.html.erb within layouts/inlined_string (0.4ms)
  Rendered /Users/launcher/.gem/ruby/2.0.0/gems/web-console-2.1.2/lib/web_console/templates/_prompt_box_markup.html.erb within layouts/inlined_string (0.3ms)
  Rendered /Users/launcher/.gem/ruby/2.0.0/gems/web-console-2.1.2/lib/web_console/templates/console.js.erb within layouts/javascript (15.6ms)
  Rendered /Users/launcher/.gem/ruby/2.0.0/gems/web-console-2.1.2/lib/web_console/templates/main.js.erb within layouts/javascript (0.3ms)
  Rendered /Users/launcher/.gem/ruby/2.0.0/gems/web-console-2.1.2/lib/web_console/templates/error_page.js.erb within layouts/javascript (0.4ms)
  Rendered /Users/launcher/.gem/ruby/2.0.0/gems/web-console-2.1.2/lib/web_console/templates/index.html.erb (34.4ms)


Started GET "/categories/150/drinks" for ::1 at 2015-03-26 10:43:34 -0400
Processing by DrinksController#index as HTML
  Parameters: {"category_id"=>"150"}
  [1m[35mCategory Load (0.2ms)[0m  SELECT  "categories".* FROM "categories" WHERE "categories"."id" = $1 LIMIT 1  [["id", 150]]
Completed 404 Not Found in 2ms

ActiveRecord::RecordNotFound (Couldn't find Category with 'id'=150):
  app/controllers/drinks_controller.rb:18:in `index'


  Rendered /Users/launcher/.gem/ruby/2.0.0/gems/actionpack-4.2.0/lib/action_dispatch/middleware/templates/rescues/_source.erb (6.1ms)
  Rendered /Users/launcher/.gem/ruby/2.0.0/gems/actionpack-4.2.0/lib/action_dispatch/middleware/templates/rescues/_trace.html.erb (2.5ms)
  Rendered /Users/launcher/.gem/ruby/2.0.0/gems/actionpack-4.2.0/lib/action_dispatch/middleware/templates/rescues/_request_and_response.html.erb (1.5ms)
  Rendered /Users/launcher/.gem/ruby/2.0.0/gems/actionpack-4.2.0/lib/action_dispatch/middleware/templates/rescues/diagnostics.html.erb within rescues/layout (25.5ms)
  Rendered /Users/launcher/.gem/ruby/2.0.0/gems/web-console-2.1.2/lib/web_console/templates/_markup.html.erb (53.8ms)
  Rendered /Users/launcher/.gem/ruby/2.0.0/gems/web-console-2.1.2/lib/web_console/templates/style.css.erb within layouts/inlined_string (0.3ms)
  Rendered /Users/launcher/.gem/ruby/2.0.0/gems/web-console-2.1.2/lib/web_console/templates/_inner_console_markup.html.erb within layouts/inlined_string (0.7ms)
  Rendered /Users/launcher/.gem/ruby/2.0.0/gems/web-console-2.1.2/lib/web_console/templates/_prompt_box_markup.html.erb within layouts/inlined_string (0.3ms)
  Rendered /Users/launcher/.gem/ruby/2.0.0/gems/web-console-2.1.2/lib/web_console/templates/console.js.erb within layouts/javascript (17.0ms)
  Rendered /Users/launcher/.gem/ruby/2.0.0/gems/web-console-2.1.2/lib/web_console/templates/main.js.erb within layouts/javascript (0.3ms)
  Rendered /Users/launcher/.gem/ruby/2.0.0/gems/web-console-2.1.2/lib/web_console/templates/error_page.js.erb within layouts/javascript (0.4ms)
  Rendered /Users/launcher/.gem/ruby/2.0.0/gems/web-console-2.1.2/lib/web_console/templates/index.html.erb (91.3ms)


Started GET "/" for ::1 at 2015-03-31 15:48:16 -0400
  [1m[36mActiveRecord::SchemaMigration Load (1.2ms)[0m  [1mSELECT "schema_migrations".* FROM "schema_migrations"[0m
Processing by HomesController#index as HTML
  Rendered homes/index.html.erb within layouts/application (2.5ms)
Completed 200 OK in 528ms (Views: 527.2ms | ActiveRecord: 0.0ms)


Started GET "/assets/foundation_and_overrides-054bdc29731ef9f4e937828328af96c1.css?body=1" for ::1 at 2015-03-31 15:48:17 -0400


Started GET "/assets/scaffolds-d1b34cbad8f64b9bd280fa569f192820.css?body=1" for ::1 at 2015-03-31 15:48:17 -0400


Started GET "/assets/application-ca47f91e28eeb2954823fa1d07673c32.css?body=1" for ::1 at 2015-03-31 15:48:17 -0400


Started GET "/assets/foundation/foundation-013a9ecfcbd0d277665f83c66e076e18.js?body=1" for ::1 at 2015-03-31 15:48:17 -0400


Started GET "/assets/foundation/foundation.accordion-07d483c126d868809345e4abbcfd54a5.js?body=1" for ::1 at 2015-03-31 15:48:17 -0400


Started GET "/assets/foundation/foundation.abide-cecd3b8dfdb9535c145e3160cca57cae.js?body=1" for ::1 at 2015-03-31 15:48:17 -0400


Started GET "/assets/foundation/foundation.alert-e54c2d9000574a39e07b2e6ede6ae0f6.js?body=1" for ::1 at 2015-03-31 15:48:17 -0400


Started GET "/assets/foundation/foundation.clearing-b0828edefaad3278cd85c2faf6fd20ef.js?body=1" for ::1 at 2015-03-31 15:48:17 -0400


Started GET "/assets/foundation/foundation.dropdown-c6b22cf8e5474c59dc0bc19e2d290da5.js?body=1" for ::1 at 2015-03-31 15:48:17 -0400


Started GET "/assets/foundation/foundation.interchange-adf4ca4cb9a1f36677701d7d06489ead.js?body=1" for ::1 at 2015-03-31 15:48:17 -0400


Started GET "/assets/foundation/foundation.joyride-7f23c30298ef55f2db505f357bd4a799.js?body=1" for ::1 at 2015-03-31 15:48:17 -0400


Started GET "/assets/foundation/foundation.magellan-8cd3c13f48f6d78fb172bb5200551918.js?body=1" for ::1 at 2015-03-31 15:48:17 -0400


Started GET "/assets/foundation/foundation.offcanvas-0c2112e52f2de840e27058c4912dd869.js?body=1" for ::1 at 2015-03-31 15:48:17 -0400


Started GET "/assets/foundation/foundation.orbit-925ec65dcf6be03dd5c7a1d472845b27.js?body=1" for ::1 at 2015-03-31 15:48:17 -0400


Started GET "/assets/foundation/foundation.reveal-7bd8d9ca180151af16ff7678033f8212.js?body=1" for ::1 at 2015-03-31 15:48:17 -0400


Started GET "/assets/foundation/foundation.slider-66a6fcccc01097ba84b9e9fb84a429ef.js?body=1" for ::1 at 2015-03-31 15:48:17 -0400


Started GET "/assets/foundation/foundation.tab-0d9dd6504af28bc75bdb999fbb120872.js?body=1" for ::1 at 2015-03-31 15:48:17 -0400


Started GET "/assets/foundation/foundation.tooltip-5214a0ecffb0be84dc9247c31455ef50.js?body=1" for ::1 at 2015-03-31 15:48:17 -0400


Started GET "/assets/foundation/foundation.topbar-ba04adaaf787a047a2bc9195842bb938.js?body=1" for ::1 at 2015-03-31 15:48:17 -0400


Started GET "/assets/foundation/foundation.equalizer-b93ba11c4146c58dd7d95ba14769e640.js?body=1" for ::1 at 2015-03-31 15:48:17 -0400


Started GET "/assets/foundation-cf9c2be01a146b330f05b712f6779903.js?body=1" for ::1 at 2015-03-31 15:48:17 -0400


Started GET "/assets/application-7b0fcdfa40208ffc00053de20a565c53.js?body=1" for ::1 at 2015-03-31 15:48:17 -0400
